<?xml version="1.0" encoding="utf-8"?><testsuites><testsuite name="pytest" errors="0" failures="0" skipped="0" tests="6" time="0.206" timestamp="2022-08-09T13:12:59.046446" hostname="272849a937e1"><testcase classname="tests.test_basic.TestAPI" name="test_index" time="0.004" /><testcase classname="tests.test_basic.TestAPI" name="test_post" time="0.001" /><testcase classname="tests.test_basic.TestAPI" name="test_no_command_key" time="0.001" /><testcase classname="tests.test_basic.TestAPI" name="test_command_simple" time="0.005" /><testcase classname="tests.test_basic.TestAPI" name="test_command_pipe" time="0.004" /><testcase classname="tests.test_basic.TestAPI" name="test_command_error" time="0.004" /></testsuite></testsuites>